Using pre-set license
Built from '2020.3/staging' branch; Version is '2020.3.9f1 (108be757e447) revision 1084391'; Using compiler version '192528614'; Build Type 'Release'
OS: 'Windows 10 Home; OS build 19043.1052; Version 2009; 64bit' Language: 'zh' Physical Memory: 8109 MB
BatchMode: 1, IsHumanControllingUs: 0, StartBugReporterOnCrash: 0, Is64bit: 1, IsPro: 0

 COMMAND LINE ARGUMENTS:
C:\Program Files\Unity\Hub\Editor\2020.3.9f1\Editor\Unity.exe
-adb2
-batchMode
-noUpm
-name
AssetImportWorker0
-projectPath
C:/Users/david/OneDrive/文件/GitHub/RPG/Alchemist Myths
-logFile
Logs/AssetImportWorker0.log
-srvPort
50044
Successfully changed project path to: C:/Users/david/OneDrive/文件/GitHub/RPG/Alchemist Myths
C:/Users/david/OneDrive/文件/GitHub/RPG/Alchemist Myths
Using Asset Import Pipeline V2.
Refreshing native plugins compatible for Editor in 31.66 ms, found 1 plugins.
Preloading 0 native plugins for Editor in 0.00 ms.
Initialize engine version: 2020.3.9f1 (108be757e447)
[Subsystems] Discovering subsystems at path C:/Program Files/Unity/Hub/Editor/2020.3.9f1/Editor/Data/Resources/UnitySubsystems
[Subsystems] Discovering subsystems at path C:/Users/david/OneDrive/文件/GitHub/RPG/Alchemist Myths/Assets
GfxDevice: creating device client; threaded=0
Direct3D:
    Version:  Direct3D 11.0 [level 11.1]
    Renderer: NVIDIA GeForce GTX 1650 (ID=0x1f82)
    Vendor:   
    VRAM:     3962 MB
    Driver:   27.21.14.6230
Initialize mono
Mono path[0] = 'C:/Program Files/Unity/Hub/Editor/2020.3.9f1/Editor/Data/Managed'
Mono path[1] = 'C:/Program Files/Unity/Hub/Editor/2020.3.9f1/Editor/Data/MonoBleedingEdge/lib/mono/unityjit'
Mono config path = 'C:/Program Files/Unity/Hub/Editor/2020.3.9f1/Editor/Data/MonoBleedingEdge/etc'
Using monoOptions --debugger-agent=transport=dt_socket,embedding=1,server=y,suspend=n,address=127.0.0.1:56036
Begin MonoManager ReloadAssembly
Registering precompiled unity dll's ...
Register platform support module: C:/Program Files/Unity/Hub/Editor/2020.3.9f1/Editor/Data/PlaybackEngines/WebGLSupport/UnityEditor.WebGL.Extensions.dll
Register platform support module: C:/Program Files/Unity/Hub/Editor/2020.3.9f1/Editor/Data/PlaybackEngines/WindowsStandaloneSupport/UnityEditor.WindowsStandalone.Extensions.dll
Registered in 0.002453 seconds.
Native extension for WindowsStandalone target not found
Native extension for WebGL target not found
Refreshing native plugins compatible for Editor in 32.24 ms, found 1 plugins.
Preloading 0 native plugins for Editor in 0.00 ms.
Mono: successfully reloaded assembly
- Completed reload, in  0.980 seconds
Platform modules already initialized, skipping
Registering precompiled user dll's ...
Registered in 0.000913 seconds.
Begin MonoManager ReloadAssembly
Native extension for WindowsStandalone target not found
Native extension for WebGL target not found
Refreshing native plugins compatible for Editor in 35.88 ms, found 1 plugins.
Preloading 0 native plugins for Editor in 0.00 ms.
Mono: successfully reloaded assembly
- Completed reload, in  0.769 seconds
Platform modules already initialized, skipping
========================================================================
Worker process is ready to serve import requests
Launched and connected shader compiler UnityShaderCompiler.exe after 0.04 seconds
Refreshing native plugins compatible for Editor in 0.35 ms, found 1 plugins.
Preloading 0 native plugins for Editor in 0.00 ms.
Unloading 1809 Unused Serialized files (Serialized files now loaded: 0)
System memory in use before: 98.9 MB.
System memory in use after: 98.8 MB.

Unloading 23 unused Assets to reduce memory usage. Loaded Objects now: 2271.
Total: 1.779000 ms (FindLiveObjects: 0.150400 ms CreateObjectMapping: 0.053800 ms MarkObjects: 1.460500 ms  DeleteObjects: 0.113400 ms)

========================================================================
Received Import Request.
  path: Assets/Tile/Tilesets/fantasy_tiles_97.asset
  artifactKey: Guid(67e2b4db3428be1489db43565d8be83d) Importer(815301076,1909f56bfc062723c751e8b465ee728b)
Start importing Assets/Tile/Tilesets/fantasy_tiles_97.asset using Guid(67e2b4db3428be1489db43565d8be83d) Importer(815301076,1909f56bfc062723c751e8b465ee728b)  -> (artifact id: 'f1cdd10217692c96c5bbe6b8e8e094e7') in 0.087832 seconds
  Import took 0.090197 seconds .

========================================================================
Received Import Request.
  Time since last request: 0.000372 seconds.
  path: Assets/Tile/Tilesets/fantasy_tiles_33.asset
  artifactKey: Guid(93be3a0b46a56134e99bf081c8ab1236) Importer(815301076,1909f56bfc062723c751e8b465ee728b)
Start importing Assets/Tile/Tilesets/fantasy_tiles_33.asset using Guid(93be3a0b46a56134e99bf081c8ab1236) Importer(815301076,1909f56bfc062723c751e8b465ee728b)  -> (artifact id: '86788a5df1a07dbacc29f267ad83e925') in 0.007169 seconds
  Import took 0.009487 seconds .

========================================================================
Received Import Request.
  Time since last request: 0.000358 seconds.
  path: Assets/Tile/Tilesets/fantasy_tiles_108.asset
  artifactKey: Guid(289bd7cb42a76d3479a57a08ea6a2be8) Importer(815301076,1909f56bfc062723c751e8b465ee728b)
Start importing Assets/Tile/Tilesets/fantasy_tiles_108.asset using Guid(289bd7cb42a76d3479a57a08ea6a2be8) Importer(815301076,1909f56bfc062723c751e8b465ee728b)  -> (artifact id: 'f2dab140a198c9956256797d90bbc7fd') in 0.007752 seconds
  Import took 0.010184 seconds .

========================================================================
Received Import Request.
  Time since last request: 0.000319 seconds.
  path: Assets/Tile/Tilesets/fantasy_tiles_1.asset
  artifactKey: Guid(f21551e615619a649b62f725cfebd7eb) Importer(815301076,1909f56bfc062723c751e8b465ee728b)
Start importing Assets/Tile/Tilesets/fantasy_tiles_1.asset using Guid(f21551e615619a649b62f725cfebd7eb) Importer(815301076,1909f56bfc062723c751e8b465ee728b)  -> (artifact id: '85c8fbf267477c70dd38daddc6478037') in 0.007979 seconds
  Import took 0.010638 seconds .

========================================================================
Received Import Request.
  Time since last request: 0.000279 seconds.
  path: Assets/Tile/Tilesets/fantasy_tiles_102.asset
  artifactKey: Guid(e535aed5fd0bc3346aa0f2904189d449) Importer(815301076,1909f56bfc062723c751e8b465ee728b)
Start importing Assets/Tile/Tilesets/fantasy_tiles_102.asset using Guid(e535aed5fd0bc3346aa0f2904189d449) Importer(815301076,1909f56bfc062723c751e8b465ee728b)  -> (artifact id: 'e184530118bc0f2e42a734d8214650c8') in 0.007424 seconds
  Import took 0.010297 seconds .

========================================================================
Received Import Request.
  Time since last request: 0.000349 seconds.
  path: Assets/Tile/Tilesets/fantasy_tiles_110.asset
  artifactKey: Guid(3754ad7f959ecc74985c26f023ed693b) Importer(815301076,1909f56bfc062723c751e8b465ee728b)
Start importing Assets/Tile/Tilesets/fantasy_tiles_110.asset using Guid(3754ad7f959ecc74985c26f023ed693b) Importer(815301076,1909f56bfc062723c751e8b465ee728b)  -> (artifact id: '6c2096f63c32e3973993296b0d7bc73e') in 0.006021 seconds
  Import took 0.008406 seconds .

========================================================================
Received Import Request.
  Time since last request: 0.000296 seconds.
  path: Assets/Tile/Tilesets/fantasy_tiles_59.asset
  artifactKey: Guid(3588369be9879914b884390778932f15) Importer(815301076,1909f56bfc062723c751e8b465ee728b)
Start importing Assets/Tile/Tilesets/fantasy_tiles_59.asset using Guid(3588369be9879914b884390778932f15) Importer(815301076,1909f56bfc062723c751e8b465ee728b)  -> (artifact id: '8e2a06837c953d435752e2f0d3b23f8a') in 0.006910 seconds
  Import took 0.009396 seconds .

========================================================================
Received Import Request.
  Time since last request: 0.000264 seconds.
  path: Assets/Tile/Tilesets/fantasy_tiles_23.asset
  artifactKey: Guid(5b3a30d23df26fb4a9b6be21bd6e121f) Importer(815301076,1909f56bfc062723c751e8b465ee728b)
Start importing Assets/Tile/Tilesets/fantasy_tiles_23.asset using Guid(5b3a30d23df26fb4a9b6be21bd6e121f) Importer(815301076,1909f56bfc062723c751e8b465ee728b)  -> (artifact id: '567ffce97e5ce71edb0bb96144a038d5') in 0.006728 seconds
  Import took 0.009193 seconds .

========================================================================
Received Import Request.
  Time since last request: 0.000336 seconds.
  path: Assets/Tile/Tilesets/fantasy_tiles_90.asset
  artifactKey: Guid(54eb5fc4abcd92c41b50e2ff2a1abb4c) Importer(815301076,1909f56bfc062723c751e8b465ee728b)
Start importing Assets/Tile/Tilesets/fantasy_tiles_90.asset using Guid(54eb5fc4abcd92c41b50e2ff2a1abb4c) Importer(815301076,1909f56bfc062723c751e8b465ee728b)  -> (artifact id: 'a39508d2248a044a0626be60d67f617e') in 0.006314 seconds
  Import took 0.008709 seconds .

========================================================================
Received Import Request.
  Time since last request: 0.000256 seconds.
  path: Assets/Tile/Tilesets/fantasy_tiles_112.asset
  artifactKey: Guid(de76f582f5e02d740962ecde249dbd75) Importer(815301076,1909f56bfc062723c751e8b465ee728b)
Start importing Assets/Tile/Tilesets/fantasy_tiles_112.asset using Guid(de76f582f5e02d740962ecde249dbd75) Importer(815301076,1909f56bfc062723c751e8b465ee728b)  -> (artifact id: '02f033ba91c570a3b4d078ace2684e92') in 0.006077 seconds
  Import took 0.008504 seconds .

========================================================================
Received Import Request.
  Time since last request: 0.000396 seconds.
  path: Assets/Tile/Tilesets/fantasy_tiles_45.asset
  artifactKey: Guid(719ff63b2cb977342b3f3b7ae5e72d02) Importer(815301076,1909f56bfc062723c751e8b465ee728b)
Start importing Assets/Tile/Tilesets/fantasy_tiles_45.asset using Guid(719ff63b2cb977342b3f3b7ae5e72d02) Importer(815301076,1909f56bfc062723c751e8b465ee728b)  -> (artifact id: '4585ff7749a71360e6947266a65fd96c') in 0.006593 seconds
  Import took 0.009447 seconds .

========================================================================
Received Import Request.
  Time since last request: 0.000320 seconds.
  path: Assets/Tile/Tilesets/fantasy_tiles_114.asset
  artifactKey: Guid(21c628b4d7544474f83764ea0f8e39a3) Importer(815301076,1909f56bfc062723c751e8b465ee728b)
Start importing Assets/Tile/Tilesets/fantasy_tiles_114.asset using Guid(21c628b4d7544474f83764ea0f8e39a3) Importer(815301076,1909f56bfc062723c751e8b465ee728b)  -> (artifact id: '23cb214c2adfb39592d80169589194c9') in 0.006431 seconds
  Import took 0.008753 seconds .

========================================================================
Received Import Request.
  Time since last request: 0.000299 seconds.
  path: Assets/Tile/Tilesets/fantasy_tiles_76.asset
  artifactKey: Guid(4f66bc003dd37254da42b56e7a1578e5) Importer(815301076,1909f56bfc062723c751e8b465ee728b)
Start importing Assets/Tile/Tilesets/fantasy_tiles_76.asset using Guid(4f66bc003dd37254da42b56e7a1578e5) Importer(815301076,1909f56bfc062723c751e8b465ee728b)  -> (artifact id: 'e912a72a6044ec607af72725099ce492') in 0.006006 seconds
  Import took 0.008730 seconds .

========================================================================
Received Import Request.
  Time since last request: 0.000291 seconds.
  path: Assets/Tile/Tilesets/fantasy_tiles_88.asset
  artifactKey: Guid(c17925c6ff52e0e43b59ed3f534029d5) Importer(815301076,1909f56bfc062723c751e8b465ee728b)
Start importing Assets/Tile/Tilesets/fantasy_tiles_88.asset using Guid(c17925c6ff52e0e43b59ed3f534029d5) Importer(815301076,1909f56bfc062723c751e8b465ee728b)  -> (artifact id: '7d1cebd59806dd01772a77f34b8843d0') in 0.006104 seconds
  Import took 0.008526 seconds .

========================================================================
Received Import Request.
  Time since last request: 0.000314 seconds.
  path: Assets/Tile/Tilesets/fantasy_tiles_39.asset
  artifactKey: Guid(0b283b911bf92ac4487a61bb7ca1c83e) Importer(815301076,1909f56bfc062723c751e8b465ee728b)
Start importing Assets/Tile/Tilesets/fantasy_tiles_39.asset using Guid(0b283b911bf92ac4487a61bb7ca1c83e) Importer(815301076,1909f56bfc062723c751e8b465ee728b)  -> (artifact id: '6b33441fbcac5cd952ddcc19d272b9b2') in 0.006310 seconds
  Import took 0.008664 seconds .

========================================================================
Received Import Request.
  Time since last request: 0.000341 seconds.
  path: Assets/Tile/Tilesets/fantasy_tiles_84.asset
  artifactKey: Guid(d1e0d56206e8f3b46bdad2a5a6e7e869) Importer(815301076,1909f56bfc062723c751e8b465ee728b)
Start importing Assets/Tile/Tilesets/fantasy_tiles_84.asset using Guid(d1e0d56206e8f3b46bdad2a5a6e7e869) Importer(815301076,1909f56bfc062723c751e8b465ee728b)  -> (artifact id: '69852be467ce488bf43ed490b78ba89e') in 0.007368 seconds
  Import took 0.010023 seconds .

========================================================================
Received Import Request.
  Time since last request: 0.000318 seconds.
  path: Assets/Tile/Tilesets/fantasy_tiles_56.asset
  artifactKey: Guid(ad75caff70403df49ace04b6b9f3deea) Importer(815301076,1909f56bfc062723c751e8b465ee728b)
Start importing Assets/Tile/Tilesets/fantasy_tiles_56.asset using Guid(ad75caff70403df49ace04b6b9f3deea) Importer(815301076,1909f56bfc062723c751e8b465ee728b)  -> (artifact id: 'afc24407b17d181432c345f402025cab') in 0.009559 seconds
  Import took 0.012503 seconds .

========================================================================
Received Import Request.
  Time since last request: 0.000252 seconds.
  path: Assets/Tile/Tilesets/fantasy_tiles_77.asset
  artifactKey: Guid(e186896808fe4e3439719447f7066e61) Importer(815301076,1909f56bfc062723c751e8b465ee728b)
Start importing Assets/Tile/Tilesets/fantasy_tiles_77.asset using Guid(e186896808fe4e3439719447f7066e61) Importer(815301076,1909f56bfc062723c751e8b465ee728b)  -> (artifact id: 'ef67759ccd945b97ab276a8f3269eae4') in 0.007352 seconds
  Import took 0.009919 seconds .

========================================================================
Received Import Request.
  Time since last request: 0.000409 seconds.
  path: Assets/Tile/Tilesets/fantasy_tiles_89.asset
  artifactKey: Guid(d394bd82478576f4b9d085ed874d27f9) Importer(815301076,1909f56bfc062723c751e8b465ee728b)
Start importing Assets/Tile/Tilesets/fantasy_tiles_89.asset using Guid(d394bd82478576f4b9d085ed874d27f9) Importer(815301076,1909f56bfc062723c751e8b465ee728b)  -> (artifact id: 'b77e14f287c6e030a8efedf024f254b1') in 0.007432 seconds
  Import took 0.010050 seconds .

========================================================================
Received Import Request.
  Time since last request: 0.000275 seconds.
  path: Assets/Tile/Tilesets/fantasy_tiles_111.asset
  artifactKey: Guid(c494d0df1da977945ab091b24d5edd02) Importer(815301076,1909f56bfc062723c751e8b465ee728b)
Start importing Assets/Tile/Tilesets/fantasy_tiles_111.asset using Guid(c494d0df1da977945ab091b24d5edd02) Importer(815301076,1909f56bfc062723c751e8b465ee728b)  -> (artifact id: '25fdea32332332b32167825ed8705171') in 0.006511 seconds
  Import took 0.009185 seconds .

========================================================================
Received Import Request.
  Time since last request: 0.000358 seconds.
  path: Assets/Tile/Tilesets/fantasy_tiles_103.asset
  artifactKey: Guid(7882560afe428ff45be4d29d8b89ce69) Importer(815301076,1909f56bfc062723c751e8b465ee728b)
Start importing Assets/Tile/Tilesets/fantasy_tiles_103.asset using Guid(7882560afe428ff45be4d29d8b89ce69) Importer(815301076,1909f56bfc062723c751e8b465ee728b)  -> (artifact id: '4448f27aaef11d5d1bec577fc5df2f01') in 0.005960 seconds
  Import took 0.008738 seconds .

========================================================================
Received Import Request.
  Time since last request: 0.000342 seconds.
  path: Assets/Tile/Tilesets/fantasy_tiles_100.asset
  artifactKey: Guid(05be77eef2238484ab161d929e2b9a13) Importer(815301076,1909f56bfc062723c751e8b465ee728b)
Start importing Assets/Tile/Tilesets/fantasy_tiles_100.asset using Guid(05be77eef2238484ab161d929e2b9a13) Importer(815301076,1909f56bfc062723c751e8b465ee728b)  -> (artifact id: '8ef6218fc9e0da151a3b6b4eff54a945') in 0.005964 seconds
  Import took 0.008456 seconds .

========================================================================
Received Import Request.
  Time since last request: 0.000290 seconds.
  path: Assets/Tile/Tilesets/fantasy_tiles_82.asset
  artifactKey: Guid(6f2c811f7f6a7cb40819223f17cc310d) Importer(815301076,1909f56bfc062723c751e8b465ee728b)
Start importing Assets/Tile/Tilesets/fantasy_tiles_82.asset using Guid(6f2c811f7f6a7cb40819223f17cc310d) Importer(815301076,1909f56bfc062723c751e8b465ee728b)  -> (artifact id: '6fadeb4a7d75a574dc8d2a42d54b1d47') in 0.006803 seconds
  Import took 0.009233 seconds .

========================================================================
Received Import Request.
  Time since last request: 0.000280 seconds.
  path: Assets/Tile/Tilesets/fantasy_tiles_13.asset
  artifactKey: Guid(0346fdb036cccd942b43edae62d79c62) Importer(815301076,1909f56bfc062723c751e8b465ee728b)
Start importing Assets/Tile/Tilesets/fantasy_tiles_13.asset using Guid(0346fdb036cccd942b43edae62d79c62) Importer(815301076,1909f56bfc062723c751e8b465ee728b)  -> (artifact id: '3464d5c5d19f25b3feb02ac90eae849c') in 0.007778 seconds
  Import took 0.010460 seconds .

========================================================================
Received Import Request.
  Time since last request: 0.000322 seconds.
  path: Assets/Tile/Tilesets/fantasy_tiles_105.asset
  artifactKey: Guid(5fe33ec43110ac440a1244e356a9acb0) Importer(815301076,1909f56bfc062723c751e8b465ee728b)
Start importing Assets/Tile/Tilesets/fantasy_tiles_105.asset using Guid(5fe33ec43110ac440a1244e356a9acb0) Importer(815301076,1909f56bfc062723c751e8b465ee728b)  -> (artifact id: 'b05b681c5df816d0b6ed5e178a111140') in 0.005981 seconds
  Import took 0.008294 seconds .

========================================================================
Received Import Request.
  Time since last request: 0.000228 seconds.
  path: Assets/Tile/Tilesets/fantasy_tiles_27.asset
  artifactKey: Guid(830f0f74f92694142aa68d3b69c0234e) Importer(815301076,1909f56bfc062723c751e8b465ee728b)
Start importing Assets/Tile/Tilesets/fantasy_tiles_27.asset using Guid(830f0f74f92694142aa68d3b69c0234e) Importer(815301076,1909f56bfc062723c751e8b465ee728b)  -> (artifact id: 'a9fe9ac18fa614b9d14e872b14e8c11b') in 0.006959 seconds
  Import took 0.009340 seconds .

========================================================================
Received Import Request.
  Time since last request: 0.000300 seconds.
  path: Assets/Tile/Tilesets/fantasy_tiles_95.asset
  artifactKey: Guid(c6b1e265cf8d48043861f2bdbfad9302) Importer(815301076,1909f56bfc062723c751e8b465ee728b)
Start importing Assets/Tile/Tilesets/fantasy_tiles_95.asset using Guid(c6b1e265cf8d48043861f2bdbfad9302) Importer(815301076,1909f56bfc062723c751e8b465ee728b)  -> (artifact id: '289a34b33802358071868500c742a85b') in 0.007296 seconds
  Import took 0.009796 seconds .

========================================================================
Received Import Request.
  Time since last request: 0.000235 seconds.
  path: Assets/Tile/Tilesets/fantasy_tiles_83.asset
  artifactKey: Guid(197a20e2daa0212439ce4aa94d4e7b38) Importer(815301076,1909f56bfc062723c751e8b465ee728b)
Start importing Assets/Tile/Tilesets/fantasy_tiles_83.asset using Guid(197a20e2daa0212439ce4aa94d4e7b38) Importer(815301076,1909f56bfc062723c751e8b465ee728b)  -> (artifact id: 'b65b40172b1f923c414a2a3f38a6ee39') in 0.006666 seconds
  Import took 0.009474 seconds .

========================================================================
Received Import Request.
  Time since last request: 0.000238 seconds.
  path: Assets/Tile/Tilesets/fantasy_tiles_30.asset
  artifactKey: Guid(baffc455fd343054ca7a29af3747dd62) Importer(815301076,1909f56bfc062723c751e8b465ee728b)
Start importing Assets/Tile/Tilesets/fantasy_tiles_30.asset using Guid(baffc455fd343054ca7a29af3747dd62) Importer(815301076,1909f56bfc062723c751e8b465ee728b)  -> (artifact id: '5b74d23c786fe06a97605308b1af3212') in 0.007451 seconds
  Import took 0.009807 seconds .

========================================================================
Received Import Request.
  Time since last request: 0.000337 seconds.
  path: Assets/Tile/Tilesets/fantasy_tiles_118.asset
  artifactKey: Guid(a4918a18c66eea4428b616dbac336309) Importer(815301076,1909f56bfc062723c751e8b465ee728b)
Start importing Assets/Tile/Tilesets/fantasy_tiles_118.asset using Guid(a4918a18c66eea4428b616dbac336309) Importer(815301076,1909f56bfc062723c751e8b465ee728b)  -> (artifact id: 'e34abffc45aed686d2df6fb8eae2e957') in 0.006090 seconds
  Import took 0.008360 seconds .

========================================================================
Received Import Request.
  Time since last request: 0.000204 seconds.
  path: Assets/Tile/Tilesets/fantasy_tiles_65.asset
  artifactKey: Guid(fa4011512deb00e4ea66529fef591b06) Importer(815301076,1909f56bfc062723c751e8b465ee728b)
Start importing Assets/Tile/Tilesets/fantasy_tiles_65.asset using Guid(fa4011512deb00e4ea66529fef591b06) Importer(815301076,1909f56bfc062723c751e8b465ee728b)  -> (artifact id: '81d427f1ecffc9f1cbf72347f416e2ee') in 0.007046 seconds
  Import took 0.009499 seconds .

========================================================================
Received Import Request.
  Time since last request: 0.000240 seconds.
  path: Assets/Tile/Tilesets/fantasy_tiles_47.asset
  artifactKey: Guid(e6ba75f7e2bb9224c82295f014760947) Importer(815301076,1909f56bfc062723c751e8b465ee728b)
Start importing Assets/Tile/Tilesets/fantasy_tiles_47.asset using Guid(e6ba75f7e2bb9224c82295f014760947) Importer(815301076,1909f56bfc062723c751e8b465ee728b)  -> (artifact id: 'afa5521543646df123b40c3c7dd8894d') in 0.006825 seconds
  Import took 0.009230 seconds .

========================================================================
Received Import Request.
  Time since last request: 0.000265 seconds.
  path: Assets/Tile/Tilesets/fantasy_tiles_93.asset
  artifactKey: Guid(f6f0513615bbea643982d479b0b4bed6) Importer(815301076,1909f56bfc062723c751e8b465ee728b)
Start importing Assets/Tile/Tilesets/fantasy_tiles_93.asset using Guid(f6f0513615bbea643982d479b0b4bed6) Importer(815301076,1909f56bfc062723c751e8b465ee728b)  -> (artifact id: 'fd0ea0aed4a6af783d4e853d57fbc0b1') in 0.007021 seconds
  Import took 0.009366 seconds .

========================================================================
Received Import Request.
  Time since last request: 0.000237 seconds.
  path: Assets/Tile/Tilesets/fantasy_tiles_35.asset
  artifactKey: Guid(099d442007c83134b9f946f52833ffe6) Importer(815301076,1909f56bfc062723c751e8b465ee728b)
Start importing Assets/Tile/Tilesets/fantasy_tiles_35.asset using Guid(099d442007c83134b9f946f52833ffe6) Importer(815301076,1909f56bfc062723c751e8b465ee728b)  -> (artifact id: '5394591d7ebcc0308b0a91aa88945e53') in 0.006521 seconds
  Import took 0.009269 seconds .

========================================================================
Received Import Request.
  Time since last request: 0.000274 seconds.
  path: Assets/Tile/Tilesets/fantasy_tiles_28.asset
  artifactKey: Guid(71942f2b5e4455c4e83b01bdeb4d631d) Importer(815301076,1909f56bfc062723c751e8b465ee728b)
Start importing Assets/Tile/Tilesets/fantasy_tiles_28.asset using Guid(71942f2b5e4455c4e83b01bdeb4d631d) Importer(815301076,1909f56bfc062723c751e8b465ee728b)  -> (artifact id: '5274c0decbb133185860c974f24db81f') in 0.006690 seconds
  Import took 0.009208 seconds .

========================================================================
Received Import Request.
  Time since last request: 0.000273 seconds.
  path: Assets/Tile/Tilesets/fantasy_tiles_86.asset
  artifactKey: Guid(e47ff0248d620c842b12dcda159ea179) Importer(815301076,1909f56bfc062723c751e8b465ee728b)
Start importing Assets/Tile/Tilesets/fantasy_tiles_86.asset using Guid(e47ff0248d620c842b12dcda159ea179) Importer(815301076,1909f56bfc062723c751e8b465ee728b)  -> (artifact id: '0994c2547afccf5c20da33f75b3b634d') in 0.006562 seconds
  Import took 0.009334 seconds .

========================================================================
Received Import Request.
  Time since last request: 0.000307 seconds.
  path: Assets/Tile/Tilesets/fantasy_tiles_104.asset
  artifactKey: Guid(06a5f97e5ece4b64b9226f0a3d912e98) Importer(815301076,1909f56bfc062723c751e8b465ee728b)
Start importing Assets/Tile/Tilesets/fantasy_tiles_104.asset using Guid(06a5f97e5ece4b64b9226f0a3d912e98) Importer(815301076,1909f56bfc062723c751e8b465ee728b)  -> (artifact id: '965fb3eace5e2fd7a1f85b6d0ba8f248') in 0.006719 seconds
  Import took 0.009342 seconds .

========================================================================
Received Import Request.
  Time since last request: 0.000281 seconds.
  path: Assets/Tile/Tilesets/fantasy_tiles_20.asset
  artifactKey: Guid(3c6ebd48d3bdca34dadaf161dd84d4f5) Importer(815301076,1909f56bfc062723c751e8b465ee728b)
Start importing Assets/Tile/Tilesets/fantasy_tiles_20.asset using Guid(3c6ebd48d3bdca34dadaf161dd84d4f5) Importer(815301076,1909f56bfc062723c751e8b465ee728b)  -> (artifact id: 'bfdffcd0da2a5b5afb53cfcbb8824cc3') in 0.007283 seconds
  Import took 0.009838 seconds .

========================================================================
Received Import Request.
  Time since last request: 0.000297 seconds.
  path: Assets/Tile/Tilesets/fantasy_tiles_101.asset
  artifactKey: Guid(a4a22fcbcd4075d4bb0f3c34a1255f47) Importer(815301076,1909f56bfc062723c751e8b465ee728b)
Start importing Assets/Tile/Tilesets/fantasy_tiles_101.asset using Guid(a4a22fcbcd4075d4bb0f3c34a1255f47) Importer(815301076,1909f56bfc062723c751e8b465ee728b)  -> (artifact id: 'b681b5cf6e48347d78b46919d930cead') in 0.006406 seconds
  Import took 0.008961 seconds .

========================================================================
Received Import Request.
  Time since last request: 0.000339 seconds.
  path: Assets/Tile/Tilesets/fantasy_tiles_121.asset
  artifactKey: Guid(d5fd94e0fe3969e4ba538ec117a39fb4) Importer(815301076,1909f56bfc062723c751e8b465ee728b)
Start importing Assets/Tile/Tilesets/fantasy_tiles_121.asset using Guid(d5fd94e0fe3969e4ba538ec117a39fb4) Importer(815301076,1909f56bfc062723c751e8b465ee728b)  -> (artifact id: '965346d3dee182379ab95236af7c3a52') in 0.005833 seconds
  Import took 0.008700 seconds .

========================================================================
Received Import Request.
  Time since last request: 0.000278 seconds.
  path: Assets/Tile/Tilesets/fantasy_tiles_15.asset
  artifactKey: Guid(35281268e86c7744f8f40965e028d3c5) Importer(815301076,1909f56bfc062723c751e8b465ee728b)
Start importing Assets/Tile/Tilesets/fantasy_tiles_15.asset using Guid(35281268e86c7744f8f40965e028d3c5) Importer(815301076,1909f56bfc062723c751e8b465ee728b)  -> (artifact id: '4177042aab74f1b0fce7379de84e12e7') in 0.006763 seconds
  Import took 0.009585 seconds .

========================================================================
Received Import Request.
  Time since last request: 0.000280 seconds.
  path: Assets/Tile/Tilesets/fantasy_tiles_53.asset
  artifactKey: Guid(21ca00f16c4391d428c837681884d489) Importer(815301076,1909f56bfc062723c751e8b465ee728b)
Start importing Assets/Tile/Tilesets/fantasy_tiles_53.asset using Guid(21ca00f16c4391d428c837681884d489) Importer(815301076,1909f56bfc062723c751e8b465ee728b)  -> (artifact id: '68aceb9f26cd1c8aa9819fa6e993c1ea') in 0.006555 seconds
  Import took 0.009159 seconds .

========================================================================
Received Import Request.
  Time since last request: 0.000272 seconds.
  path: Assets/Tile/Tilesets/fantasy_tiles_40.asset
  artifactKey: Guid(0105a95b50f98b34cb72f7df9a6d5b35) Importer(815301076,1909f56bfc062723c751e8b465ee728b)
Start importing Assets/Tile/Tilesets/fantasy_tiles_40.asset using Guid(0105a95b50f98b34cb72f7df9a6d5b35) Importer(815301076,1909f56bfc062723c751e8b465ee728b)  -> (artifact id: '7ac504f1aaaf40334e2054726a61ff53') in 0.007180 seconds
  Import took 0.009601 seconds .

========================================================================
Received Import Request.
  Time since last request: 0.000325 seconds.
  path: Assets/Tile/Tilesets/fantasy_tiles_87.asset
  artifactKey: Guid(03eee86bf6dfdab4a93449da036ba4df) Importer(815301076,1909f56bfc062723c751e8b465ee728b)
Start importing Assets/Tile/Tilesets/fantasy_tiles_87.asset using Guid(03eee86bf6dfdab4a93449da036ba4df) Importer(815301076,1909f56bfc062723c751e8b465ee728b)  -> (artifact id: 'b5a45c808a8988fc422f98e23f69f081') in 0.006169 seconds
  Import took 0.008795 seconds .

========================================================================
Received Import Request.
  Time since last request: 0.000261 seconds.
  path: Assets/Tile/Tilesets/fantasy_tiles_119.asset
  artifactKey: Guid(0d82d719c05c5e843a7620891bad2ed2) Importer(815301076,1909f56bfc062723c751e8b465ee728b)
Start importing Assets/Tile/Tilesets/fantasy_tiles_119.asset using Guid(0d82d719c05c5e843a7620891bad2ed2) Importer(815301076,1909f56bfc062723c751e8b465ee728b)  -> (artifact id: '39feee5cb29e18f1326910a6b8955584') in 0.006894 seconds
  Import took 0.009365 seconds .

========================================================================
Received Import Request.
  Time since last request: 0.000250 seconds.
  path: Assets/Tile/Tilesets/fantasy_tiles_122.asset
  artifactKey: Guid(69c5afcf923828041b07fa91409ab81f) Importer(815301076,1909f56bfc062723c751e8b465ee728b)
Start importing Assets/Tile/Tilesets/fantasy_tiles_122.asset using Guid(69c5afcf923828041b07fa91409ab81f) Importer(815301076,1909f56bfc062723c751e8b465ee728b)  -> (artifact id: 'fc0712ca71dd2b5b8dc90a31636d6ca0') in 0.006454 seconds
  Import took 0.009071 seconds .

========================================================================
Received Import Request.
  Time since last request: 0.000414 seconds.
  path: Assets/Tile/Tilesets/fantasy_tiles_69.asset
  artifactKey: Guid(55c67d688b3b39541854ef046e8735ee) Importer(815301076,1909f56bfc062723c751e8b465ee728b)
Start importing Assets/Tile/Tilesets/fantasy_tiles_69.asset using Guid(55c67d688b3b39541854ef046e8735ee) Importer(815301076,1909f56bfc062723c751e8b465ee728b)  -> (artifact id: 'd857662a580111445a5529ab06512454') in 0.005979 seconds
  Import took 0.008648 seconds .

========================================================================
Received Import Request.
  Time since last request: 0.000271 seconds.
  path: Assets/Tile/Tilesets/fantasy_tiles_113.asset
  artifactKey: Guid(11fcbe9c014a1c742b210f7e252b89fb) Importer(815301076,1909f56bfc062723c751e8b465ee728b)
Start importing Assets/Tile/Tilesets/fantasy_tiles_113.asset using Guid(11fcbe9c014a1c742b210f7e252b89fb) Importer(815301076,1909f56bfc062723c751e8b465ee728b)  -> (artifact id: '0295a7568f9b1f3327ce4b86d5569622') in 0.006438 seconds
  Import took 0.008892 seconds .

========================================================================
Received Import Request.
  Time since last request: 0.000415 seconds.
  path: Assets/Tile/Tilesets/fantasy_tiles_67.asset
  artifactKey: Guid(a033ffb9d693fdf439a0616144f7ffa7) Importer(815301076,1909f56bfc062723c751e8b465ee728b)
Start importing Assets/Tile/Tilesets/fantasy_tiles_67.asset using Guid(a033ffb9d693fdf439a0616144f7ffa7) Importer(815301076,1909f56bfc062723c751e8b465ee728b)  -> (artifact id: '03f7c7269f7d24ca3ea6e98691a0fbf9') in 0.005958 seconds
  Import took 0.008516 seconds .

========================================================================
Received Import Request.
  Time since last request: 0.000264 seconds.
  path: Assets/Tile/Tilesets/fantasy_tiles_24.asset
  artifactKey: Guid(bedf9ee0bc2e92042b8e46245d11c17d) Importer(815301076,1909f56bfc062723c751e8b465ee728b)
Start importing Assets/Tile/Tilesets/fantasy_tiles_24.asset using Guid(bedf9ee0bc2e92042b8e46245d11c17d) Importer(815301076,1909f56bfc062723c751e8b465ee728b)  -> (artifact id: 'd644280322fbe4ac939b868b06b6eee4') in 0.007221 seconds
  Import took 0.009910 seconds .

========================================================================
Received Import Request.
  Time since last request: 0.000314 seconds.
  path: Assets/Tile/Tilesets/fantasy_tiles_124.asset
  artifactKey: Guid(0ae411c126435164885db99b6c048e3d) Importer(815301076,1909f56bfc062723c751e8b465ee728b)
Start importing Assets/Tile/Tilesets/fantasy_tiles_124.asset using Guid(0ae411c126435164885db99b6c048e3d) Importer(815301076,1909f56bfc062723c751e8b465ee728b)  -> (artifact id: '2666b38c642225d2d99849f6497c45f0') in 0.006300 seconds
  Import took 0.008771 seconds .

========================================================================
Received Import Request.
  Time since last request: 0.000311 seconds.
  path: Assets/Tile/Tilesets/fantasy_tiles_117.asset
  artifactKey: Guid(7e8f8c1462d73df4c93d6d2455b3ce0a) Importer(815301076,1909f56bfc062723c751e8b465ee728b)
Start importing Assets/Tile/Tilesets/fantasy_tiles_117.asset using Guid(7e8f8c1462d73df4c93d6d2455b3ce0a) Importer(815301076,1909f56bfc062723c751e8b465ee728b)  -> (artifact id: '4f3b1f54033e02f4f8bc0d5bccaa8e35') in 0.006978 seconds
  Import took 0.009360 seconds .

========================================================================
Received Import Request.
  Time since last request: 0.000302 seconds.
  path: Assets/Tile/Tilesets/fantasy_tiles_32.asset
  artifactKey: Guid(5719c446df4dbbb408168001b4b7e5f3) Importer(815301076,1909f56bfc062723c751e8b465ee728b)
Start importing Assets/Tile/Tilesets/fantasy_tiles_32.asset using Guid(5719c446df4dbbb408168001b4b7e5f3) Importer(815301076,1909f56bfc062723c751e8b465ee728b)  -> (artifact id: '91c7c4a53ea987ef7981ff2a0893e2f8') in 0.008911 seconds
  Import took 0.011446 seconds .

========================================================================
Received Import Request.
  Time since last request: 0.000387 seconds.
  path: Assets/Tile/Tilesets/fantasy_tiles_85.asset
  artifactKey: Guid(509f5e37fc516934b9a7e436ea905a5d) Importer(815301076,1909f56bfc062723c751e8b465ee728b)
Start importing Assets/Tile/Tilesets/fantasy_tiles_85.asset using Guid(509f5e37fc516934b9a7e436ea905a5d) Importer(815301076,1909f56bfc062723c751e8b465ee728b)  -> (artifact id: 'cfab6e4622fb4b3a759e4e54c5ccabd8') in 0.006804 seconds
  Import took 0.009463 seconds .

========================================================================
Received Import Request.
  Time since last request: 0.000326 seconds.
  path: Assets/Tile/Tilesets/fantasy_tiles_120.asset
  artifactKey: Guid(7d871c754ac1c7941a03588336b3e174) Importer(815301076,1909f56bfc062723c751e8b465ee728b)
Start importing Assets/Tile/Tilesets/fantasy_tiles_120.asset using Guid(7d871c754ac1c7941a03588336b3e174) Importer(815301076,1909f56bfc062723c751e8b465ee728b)  -> (artifact id: '236cf835660bb2dc1a9771710c5bb8fe') in 0.006313 seconds
  Import took 0.008863 seconds .

========================================================================
Received Import Request.
  Time since last request: 0.000287 seconds.
  path: Assets/Tile/Tilesets/fantasy_tiles_115.asset
  artifactKey: Guid(7e7e68ca33ad4ce4ab18c53f958c49d4) Importer(815301076,1909f56bfc062723c751e8b465ee728b)
Start importing Assets/Tile/Tilesets/fantasy_tiles_115.asset using Guid(7e7e68ca33ad4ce4ab18c53f958c49d4) Importer(815301076,1909f56bfc062723c751e8b465ee728b)  -> (artifact id: '4dd049fba5dcd9cdbc2874f66d59ed2a') in 0.006177 seconds
  Import took 0.008715 seconds .

========================================================================
Received Import Request.
  Time since last request: 0.000269 seconds.
  path: Assets/Tile/Tilesets/fantasy_tiles_36.asset
  artifactKey: Guid(7ab73b7c719a77a47a1e754fb3712972) Importer(815301076,1909f56bfc062723c751e8b465ee728b)
Start importing Assets/Tile/Tilesets/fantasy_tiles_36.asset using Guid(7ab73b7c719a77a47a1e754fb3712972) Importer(815301076,1909f56bfc062723c751e8b465ee728b)  -> (artifact id: 'dab57342dd2b48a558f8eb76730a40df') in 0.006940 seconds
  Import took 0.009412 seconds .

========================================================================
Received Import Request.
  Time since last request: 0.000307 seconds.
  path: Assets/Tile/Tilesets/fantasy_tiles_44.asset
  artifactKey: Guid(5bf6bf18799953b4cb06db3433baa4b1) Importer(815301076,1909f56bfc062723c751e8b465ee728b)
Start importing Assets/Tile/Tilesets/fantasy_tiles_44.asset using Guid(5bf6bf18799953b4cb06db3433baa4b1) Importer(815301076,1909f56bfc062723c751e8b465ee728b)  -> (artifact id: 'b6505ae59c85d6f48036eeb941dd7948') in 0.006329 seconds
  Import took 0.009053 seconds .

========================================================================
Received Import Request.
  Time since last request: 0.000302 seconds.
  path: Assets/Tile/Tilesets/fantasy_tiles_66.asset
  artifactKey: Guid(2327298cc083a2749bb4452b5c5a94fc) Importer(815301076,1909f56bfc062723c751e8b465ee728b)
Start importing Assets/Tile/Tilesets/fantasy_tiles_66.asset using Guid(2327298cc083a2749bb4452b5c5a94fc) Importer(815301076,1909f56bfc062723c751e8b465ee728b)  -> (artifact id: '3bf5678f67b78431a5b46192f3b77308') in 0.007875 seconds
  Import took 0.010521 seconds .

========================================================================
Received Import Request.
  Time since last request: 0.000354 seconds.
  path: Assets/Tile/Tilesets/fantasy_tiles_75.asset
  artifactKey: Guid(3fbc66741d21d0043b946e282bc86351) Importer(815301076,1909f56bfc062723c751e8b465ee728b)
Start importing Assets/Tile/Tilesets/fantasy_tiles_75.asset using Guid(3fbc66741d21d0043b946e282bc86351) Importer(815301076,1909f56bfc062723c751e8b465ee728b)  -> (artifact id: '94299ed0607537e4d17a4e6cf32b49ef') in 0.006497 seconds
  Import took 0.008967 seconds .

========================================================================
Received Import Request.
  Time since last request: 0.000297 seconds.
  path: Assets/Tile/Tilesets/fantasy_tiles_78.asset
  artifactKey: Guid(bbb906bd39051864c920f70f5ed7cbe1) Importer(815301076,1909f56bfc062723c751e8b465ee728b)
Start importing Assets/Tile/Tilesets/fantasy_tiles_78.asset using Guid(bbb906bd39051864c920f70f5ed7cbe1) Importer(815301076,1909f56bfc062723c751e8b465ee728b)  -> (artifact id: 'fda5ddef02575ccbd86045fa2ceb24a8') in 0.007126 seconds
  Import took 0.010070 seconds .

========================================================================
Received Import Request.
  Time since last request: 0.000430 seconds.
  path: Assets/Tile/Tilesets/fantasy_tiles_21.asset
  artifactKey: Guid(189354bcf2f99f5429c21be57560457e) Importer(815301076,1909f56bfc062723c751e8b465ee728b)
Start importing Assets/Tile/Tilesets/fantasy_tiles_21.asset using Guid(189354bcf2f99f5429c21be57560457e) Importer(815301076,1909f56bfc062723c751e8b465ee728b)  -> (artifact id: '0414e4e6048d97ebf2f6dbe577128745') in 0.007462 seconds
  Import took 0.010658 seconds .

========================================================================
Received Import Request.
  Time since last request: 0.000355 seconds.
  path: Assets/Tile/Tilesets/fantasy_tiles_14.asset
  artifactKey: Guid(56f477e53f2fb9b45b17e3a73c462398) Importer(815301076,1909f56bfc062723c751e8b465ee728b)
Start importing Assets/Tile/Tilesets/fantasy_tiles_14.asset using Guid(56f477e53f2fb9b45b17e3a73c462398) Importer(815301076,1909f56bfc062723c751e8b465ee728b)  -> (artifact id: '73f3ad4a4101a5a569f630fcd35b3808') in 0.007553 seconds
  Import took 0.010108 seconds .

========================================================================
Received Import Request.
  Time since last request: 0.000299 seconds.
  path: Assets/Tile/Tilesets/fantasy_tiles_99.asset
  artifactKey: Guid(445492b6c7e4eba4c83c4a3d1dbc29f5) Importer(815301076,1909f56bfc062723c751e8b465ee728b)
Start importing Assets/Tile/Tilesets/fantasy_tiles_99.asset using Guid(445492b6c7e4eba4c83c4a3d1dbc29f5) Importer(815301076,1909f56bfc062723c751e8b465ee728b)  -> (artifact id: '606e8426a5ff150a503a221dd552cc54') in 0.006899 seconds
  Import took 0.009613 seconds .

========================================================================
Received Import Request.
  Time since last request: 0.000338 seconds.
  path: Assets/Tile/Tilesets/fantasy_tiles_91.asset
  artifactKey: Guid(4691959a76117fc47ae8cb32b7d0a7ac) Importer(815301076,1909f56bfc062723c751e8b465ee728b)
Start importing Assets/Tile/Tilesets/fantasy_tiles_91.asset using Guid(4691959a76117fc47ae8cb32b7d0a7ac) Importer(815301076,1909f56bfc062723c751e8b465ee728b)  -> (artifact id: '6b826e98dd6b5c8b6c0b086515a612d6') in 0.005979 seconds
  Import took 0.008609 seconds .

========================================================================
Received Import Request.
  Time since last request: 0.000302 seconds.
  path: Assets/Tile/Tilesets/fantasy_tiles_109.asset
  artifactKey: Guid(d735b668dda441e4dbb5fcd44a22195e) Importer(815301076,1909f56bfc062723c751e8b465ee728b)
Start importing Assets/Tile/Tilesets/fantasy_tiles_109.asset using Guid(d735b668dda441e4dbb5fcd44a22195e) Importer(815301076,1909f56bfc062723c751e8b465ee728b)  -> (artifact id: 'd832b5a9d9395fa169c8daaae7c84024') in 0.007059 seconds
  Import took 0.009851 seconds .

========================================================================
Received Import Request.
  Time since last request: 0.000321 seconds.
  path: Assets/Tile/Tilesets/fantasy_tiles_29.asset
  artifactKey: Guid(4f64d94d528837b4f9ebda079ebd7338) Importer(815301076,1909f56bfc062723c751e8b465ee728b)
Start importing Assets/Tile/Tilesets/fantasy_tiles_29.asset using Guid(4f64d94d528837b4f9ebda079ebd7338) Importer(815301076,1909f56bfc062723c751e8b465ee728b)  -> (artifact id: '4122b81c1936f02ecff6e88a73c3bf0d') in 0.007040 seconds
  Import took 0.009602 seconds .

========================================================================
Received Import Request.
  Time since last request: 0.000469 seconds.
  path: Assets/Tile/Tilesets/fantasy_tiles_46.asset
  artifactKey: Guid(ad395e80da3c263489027616e24cff60) Importer(815301076,1909f56bfc062723c751e8b465ee728b)
Start importing Assets/Tile/Tilesets/fantasy_tiles_46.asset using Guid(ad395e80da3c263489027616e24cff60) Importer(815301076,1909f56bfc062723c751e8b465ee728b)  -> (artifact id: '953ba89adb6fbdf3316adc126ee95548') in 0.006464 seconds
  Import took 0.009178 seconds .

========================================================================
Received Import Request.
  Time since last request: 0.000287 seconds.
  path: Assets/Tile/Tilesets/fantasy_tiles_123.asset
  artifactKey: Guid(42fb3e81f82544a4e86a9c81df38def0) Importer(815301076,1909f56bfc062723c751e8b465ee728b)
Start importing Assets/Tile/Tilesets/fantasy_tiles_123.asset using Guid(42fb3e81f82544a4e86a9c81df38def0) Importer(815301076,1909f56bfc062723c751e8b465ee728b)  -> (artifact id: 'f1e97606d588173215dc1f0c42671fa0') in 0.006553 seconds
  Import took 0.009152 seconds .

========================================================================
Received Import Request.
  Time since last request: 0.000312 seconds.
  path: Assets/Tile/Tilesets/fantasy_tiles_98.asset
  artifactKey: Guid(ecb2ca106e6597343825a3149bc6d09c) Importer(815301076,1909f56bfc062723c751e8b465ee728b)
Start importing Assets/Tile/Tilesets/fantasy_tiles_98.asset using Guid(ecb2ca106e6597343825a3149bc6d09c) Importer(815301076,1909f56bfc062723c751e8b465ee728b)  -> (artifact id: '6dc61fa7d8b0a2e3a97753167117053f') in 0.006272 seconds
  Import took 0.009070 seconds .

========================================================================
Received Import Request.
  Time since last request: 0.000257 seconds.
  path: Assets/Tile/Tilesets/fantasy_tiles_96.asset
  artifactKey: Guid(f50fb77fbf1eb8641b0ac749ec3feeb1) Importer(815301076,1909f56bfc062723c751e8b465ee728b)
Start importing Assets/Tile/Tilesets/fantasy_tiles_96.asset using Guid(f50fb77fbf1eb8641b0ac749ec3feeb1) Importer(815301076,1909f56bfc062723c751e8b465ee728b)  -> (artifact id: 'd1db2643796c5dad7f0bfcee60273ca8') in 0.006294 seconds
  Import took 0.008848 seconds .

========================================================================
Received Import Request.
  Time since last request: 0.000364 seconds.
  path: Assets/Tile/Tilesets/fantasy_tiles_79.asset
  artifactKey: Guid(d6aeffcea8134ba4ca697a166c4cec6f) Importer(815301076,1909f56bfc062723c751e8b465ee728b)
Start importing Assets/Tile/Tilesets/fantasy_tiles_79.asset using Guid(d6aeffcea8134ba4ca697a166c4cec6f) Importer(815301076,1909f56bfc062723c751e8b465ee728b)  -> (artifact id: 'afc52d1a96cc447d1c2d147b11931344') in 0.006774 seconds
  Import took 0.009289 seconds .

========================================================================
Received Import Request.
  Time since last request: 0.000274 seconds.
  path: Assets/Tile/Tilesets/fantasy_tiles_72.asset
  artifactKey: Guid(45e5dd4ae017c5b4c9cdd6f8a7569429) Importer(815301076,1909f56bfc062723c751e8b465ee728b)
Start importing Assets/Tile/Tilesets/fantasy_tiles_72.asset using Guid(45e5dd4ae017c5b4c9cdd6f8a7569429) Importer(815301076,1909f56bfc062723c751e8b465ee728b)  -> (artifact id: 'b080581e54e0cd5cf7d1e7b8c9273035') in 0.007104 seconds
  Import took 0.009674 seconds .

========================================================================
Received Import Request.
  Time since last request: 0.000294 seconds.
  path: Assets/Tile/Tilesets/fantasy_tiles_94.asset
  artifactKey: Guid(c39b0fc76726d8045aed2d22d6509550) Importer(815301076,1909f56bfc062723c751e8b465ee728b)
Start importing Assets/Tile/Tilesets/fantasy_tiles_94.asset using Guid(c39b0fc76726d8045aed2d22d6509550) Importer(815301076,1909f56bfc062723c751e8b465ee728b)  -> (artifact id: '67f2344c44bc980c56d44d88c0b3008c') in 0.007359 seconds
  Import took 0.010235 seconds .

========================================================================
Received Import Request.
  Time since last request: 0.000298 seconds.
  path: Assets/Tile/Tilesets/fantasy_tiles_0.asset
  artifactKey: Guid(1dcbb299f2c97ae4989cc221f8813a07) Importer(815301076,1909f56bfc062723c751e8b465ee728b)
Start importing Assets/Tile/Tilesets/fantasy_tiles_0.asset using Guid(1dcbb299f2c97ae4989cc221f8813a07) Importer(815301076,1909f56bfc062723c751e8b465ee728b)  -> (artifact id: '47a56388c6c7f4197dc7dca71e6630a5') in 0.008519 seconds
  Import took 0.011027 seconds .

========================================================================
Received Import Request.
  Time since last request: 0.000261 seconds.
  path: Assets/Tile/Tilesets/fantasy_tiles_50.asset
  artifactKey: Guid(7ebe169f3e77fdc489ad3eab32b03d1d) Importer(815301076,1909f56bfc062723c751e8b465ee728b)
Start importing Assets/Tile/Tilesets/fantasy_tiles_50.asset using Guid(7ebe169f3e77fdc489ad3eab32b03d1d) Importer(815301076,1909f56bfc062723c751e8b465ee728b)  -> (artifact id: '601f273ea680ad179d83ac45b73bbe2c') in 0.006200 seconds
  Import took 0.008801 seconds .

========================================================================
Received Import Request.
  Time since last request: 0.000285 seconds.
  path: Assets/Tile/Tilesets/fantasy_tiles_62.asset
  artifactKey: Guid(8e07d05b10438bb4aab809d3fbd8dd35) Importer(815301076,1909f56bfc062723c751e8b465ee728b)
Start importing Assets/Tile/Tilesets/fantasy_tiles_62.asset using Guid(8e07d05b10438bb4aab809d3fbd8dd35) Importer(815301076,1909f56bfc062723c751e8b465ee728b)  -> (artifact id: 'b3f9655151a5738d862cde8be9d69030') in 0.007329 seconds
  Import took 0.009748 seconds .

========================================================================
Received Import Request.
  Time since last request: 0.000291 seconds.
  path: Assets/Tile/Tilesets/fantasy_tiles_68.asset
  artifactKey: Guid(25921b6f49c9eae41b4aae18653122f8) Importer(815301076,1909f56bfc062723c751e8b465ee728b)
Start importing Assets/Tile/Tilesets/fantasy_tiles_68.asset using Guid(25921b6f49c9eae41b4aae18653122f8) Importer(815301076,1909f56bfc062723c751e8b465ee728b)  -> (artifact id: '480b04930ebe360b7093d9e7324216a0') in 0.006630 seconds
  Import took 0.009540 seconds .

========================================================================
Received Import Request.
  Time since last request: 0.000300 seconds.
  path: Assets/Tile/Tilesets/fantasy_tiles_106.asset
  artifactKey: Guid(3ee761ba5d29120458898c24124e9565) Importer(815301076,1909f56bfc062723c751e8b465ee728b)
Start importing Assets/Tile/Tilesets/fantasy_tiles_106.asset using Guid(3ee761ba5d29120458898c24124e9565) Importer(815301076,1909f56bfc062723c751e8b465ee728b)  -> (artifact id: '7ef715090bd6600c9004f14dfb654b37') in 0.006510 seconds
  Import took 0.009044 seconds .

========================================================================
Received Import Request.
  Time since last request: 0.000308 seconds.
  path: Assets/Tile/Tilesets/fantasy_tiles_42.asset
  artifactKey: Guid(750a3f8e732ca4b4489c908605c48291) Importer(815301076,1909f56bfc062723c751e8b465ee728b)
Start importing Assets/Tile/Tilesets/fantasy_tiles_42.asset using Guid(750a3f8e732ca4b4489c908605c48291) Importer(815301076,1909f56bfc062723c751e8b465ee728b)  -> (artifact id: 'f67f23f970060efd85cd668edaca11c8') in 0.007337 seconds
  Import took 0.009893 seconds .

========================================================================
Received Import Request.
  Time since last request: 0.000271 seconds.
  path: Assets/Tile/Tilesets/fantasy_tiles_22.asset
  artifactKey: Guid(af90f621df29db24086b5fae89a06487) Importer(815301076,1909f56bfc062723c751e8b465ee728b)
Start importing Assets/Tile/Tilesets/fantasy_tiles_22.asset using Guid(af90f621df29db24086b5fae89a06487) Importer(815301076,1909f56bfc062723c751e8b465ee728b)  -> (artifact id: '882598f2d3766abd056a472e52d41ad6') in 0.007213 seconds
  Import took 0.009587 seconds .

========================================================================
Received Import Request.
  Time since last request: 0.000302 seconds.
  path: Assets/Tile/Tilesets/fantasy_tiles_49.asset
  artifactKey: Guid(26bec141921cda2488f1b0c25655df87) Importer(815301076,1909f56bfc062723c751e8b465ee728b)
Start importing Assets/Tile/Tilesets/fantasy_tiles_49.asset using Guid(26bec141921cda2488f1b0c25655df87) Importer(815301076,1909f56bfc062723c751e8b465ee728b)  -> (artifact id: 'a503e02c2d068300efa37d6270b3b6b3') in 0.006857 seconds
  Import took 0.009543 seconds .

========================================================================
Received Import Request.
  Time since last request: 0.000295 seconds.
  path: Assets/Tile/Tilesets/fantasy_tiles_80.asset
  artifactKey: Guid(6e3758b43fbabe0438df14351b67cda6) Importer(815301076,1909f56bfc062723c751e8b465ee728b)
Start importing Assets/Tile/Tilesets/fantasy_tiles_80.asset using Guid(6e3758b43fbabe0438df14351b67cda6) Importer(815301076,1909f56bfc062723c751e8b465ee728b)  -> (artifact id: 'c1317ec8965625b5eea6b04ffe0b1781') in 0.006713 seconds
  Import took 0.009254 seconds .

========================================================================
Received Import Request.
  Time since last request: 0.000365 seconds.
  path: Assets/Tile/Tilesets/fantasy_tiles_81.asset
  artifactKey: Guid(44defcbf8bfc5334b86a51eefac244b7) Importer(815301076,1909f56bfc062723c751e8b465ee728b)
Start importing Assets/Tile/Tilesets/fantasy_tiles_81.asset using Guid(44defcbf8bfc5334b86a51eefac244b7) Importer(815301076,1909f56bfc062723c751e8b465ee728b)  -> (artifact id: 'ebb5eb84b0f6fac80e65021de9fd6bda') in 0.006048 seconds
  Import took 0.008557 seconds .

========================================================================
Received Import Request.
  Time since last request: 0.000301 seconds.
  path: Assets/Tile/Tilesets/fantasy_tiles_92.asset
  artifactKey: Guid(e1a3a55a54be15d4a9674eaebd2433b8) Importer(815301076,1909f56bfc062723c751e8b465ee728b)
Start importing Assets/Tile/Tilesets/fantasy_tiles_92.asset using Guid(e1a3a55a54be15d4a9674eaebd2433b8) Importer(815301076,1909f56bfc062723c751e8b465ee728b)  -> (artifact id: '531e3b599dea1c3248359796642e464c') in 0.007397 seconds
  Import took 0.010017 seconds .

========================================================================
Received Import Request.
  Time since last request: 0.000287 seconds.
  path: Assets/Tile/Tilesets/fantasy_tiles_54.asset
  artifactKey: Guid(2fb05285458c1724683292c9ae251f27) Importer(815301076,1909f56bfc062723c751e8b465ee728b)
Start importing Assets/Tile/Tilesets/fantasy_tiles_54.asset using Guid(2fb05285458c1724683292c9ae251f27) Importer(815301076,1909f56bfc062723c751e8b465ee728b)  -> (artifact id: '490e227783238c355b7c72d965568919') in 0.007589 seconds
  Import took 0.010174 seconds .

========================================================================
Received Import Request.
  Time since last request: 0.000292 seconds.
  path: Assets/Tile/Tilesets/fantasy_tiles_107.asset
  artifactKey: Guid(5e667965c8df54a44b6b54f6d3e188d6) Importer(815301076,1909f56bfc062723c751e8b465ee728b)
Start importing Assets/Tile/Tilesets/fantasy_tiles_107.asset using Guid(5e667965c8df54a44b6b54f6d3e188d6) Importer(815301076,1909f56bfc062723c751e8b465ee728b)  -> (artifact id: 'e6fa97953ef79b1f16976500f9a4dbb6') in 0.007785 seconds
  Import took 0.010377 seconds .

========================================================================
Received Import Request.
  Time since last request: 0.000322 seconds.
  path: Assets/Tile/Tilesets/fantasy_tiles_116.asset
  artifactKey: Guid(5a372de39bcc99e40b53fbf6c406ea08) Importer(815301076,1909f56bfc062723c751e8b465ee728b)
Start importing Assets/Tile/Tilesets/fantasy_tiles_116.asset using Guid(5a372de39bcc99e40b53fbf6c406ea08) Importer(815301076,1909f56bfc062723c751e8b465ee728b)  -> (artifact id: '50df1cff924221f1bb0251c264039033') in 0.006334 seconds
  Import took 0.009109 seconds .

========================================================================
Received Import Request.
  Time since last request: 0.000255 seconds.
  path: Assets/Tile/Tilesets/fantasy_tiles_26.asset
  artifactKey: Guid(086ceaefc6b71b34399a119a167475d7) Importer(815301076,1909f56bfc062723c751e8b465ee728b)
Start importing Assets/Tile/Tilesets/fantasy_tiles_26.asset using Guid(086ceaefc6b71b34399a119a167475d7) Importer(815301076,1909f56bfc062723c751e8b465ee728b)  -> (artifact id: '9e2b16308fbb3308261e072b0777a576') in 0.006766 seconds
  Import took 0.009389 seconds .

========================================================================
Received Import Request.
  Time since last request: 0.000267 seconds.
  path: Assets/Tile/Tilesets/fantasy_tiles_57.asset
  artifactKey: Guid(0c11fbceb0ae1394fac63670e6adb65f) Importer(815301076,1909f56bfc062723c751e8b465ee728b)
Start importing Assets/Tile/Tilesets/fantasy_tiles_57.asset using Guid(0c11fbceb0ae1394fac63670e6adb65f) Importer(815301076,1909f56bfc062723c751e8b465ee728b)  -> (artifact id: 'defc67ebf719def6c2424ebf5e95c5d0') in 0.006459 seconds
  Import took 0.008989 seconds .

========================================================================
Received Import Request.
  Time since last request: 0.000305 seconds.
  path: Assets/Tile/Tilesets/fantasy_tiles_2.asset
  artifactKey: Guid(7b9dae2d077b8d54ca1266d889d5d83b) Importer(815301076,1909f56bfc062723c751e8b465ee728b)
Start importing Assets/Tile/Tilesets/fantasy_tiles_2.asset using Guid(7b9dae2d077b8d54ca1266d889d5d83b) Importer(815301076,1909f56bfc062723c751e8b465ee728b)  -> (artifact id: '3ec3da89ccc71ca2affa4df7c2a00b0a') in 0.007432 seconds
  Import took 0.009986 seconds .

========================================================================
Received Import Request.
  Time since last request: 144.050185 seconds.
  path: Assets/Sunnyland
  artifactKey: Guid(feac2764d58e4234da7de2159df0765e) Importer(815301076,1909f56bfc062723c751e8b465ee728b)
Start importing Assets/Sunnyland using Guid(feac2764d58e4234da7de2159df0765e) Importer(815301076,1909f56bfc062723c751e8b465ee728b)  -> (artifact id: 'bf5af2c070e4a2a3e8d0d6c858991a8c') in 0.002512 seconds
  Import took 0.005152 seconds .

========================================================================
Received Import Request.
  Time since last request: 1.167980 seconds.
  path: Assets/Sunnyland/artwork
  artifactKey: Guid(2f17d1e6a207e4d8eb72bd03b1b645ac) Importer(815301076,1909f56bfc062723c751e8b465ee728b)
Start importing Assets/Sunnyland/artwork using Guid(2f17d1e6a207e4d8eb72bd03b1b645ac) Importer(815301076,1909f56bfc062723c751e8b465ee728b)  -> (artifact id: '81a74d76d4688b1d4a5c3a255f24721c') in 0.002575 seconds
  Import took 0.005213 seconds .

========================================================================
Received Import Request.
  Time since last request: 0.000856 seconds.
  path: Assets/Sunnyland/artwork
  artifactKey: Guid(2f17d1e6a207e4d8eb72bd03b1b645ac) Importer(815301076,1909f56bfc062723c751e8b465ee728b)
Start importing Assets/Sunnyland/artwork using Guid(2f17d1e6a207e4d8eb72bd03b1b645ac) Importer(815301076,1909f56bfc062723c751e8b465ee728b)  -> (artifact id: '81a74d76d4688b1d4a5c3a255f24721c') in 0.001993 seconds
  Import took 0.004693 seconds .

========================================================================
Received Import Request.
  Time since last request: 0.532160 seconds.
  path: Assets/Sunnyland/Scenes
  artifactKey: Guid(5067ec585fac34dd6937038f96d8136d) Importer(815301076,1909f56bfc062723c751e8b465ee728b)
Start importing Assets/Sunnyland/Scenes using Guid(5067ec585fac34dd6937038f96d8136d) Importer(815301076,1909f56bfc062723c751e8b465ee728b)  -> (artifact id: '9caa0f41d75ac5a80a8b12b3d415d091') in 0.002488 seconds
  Import took 0.005042 seconds .

========================================================================
Received Import Request.
  Time since last request: 8.029811 seconds.
  path: Assets/Sunnyland/artwork/Environment/tileset-sliced.png
  artifactKey: Guid(261212b977f594d5dbc48631a5c1295c) Importer(815301076,1909f56bfc062723c751e8b465ee728b)
Start importing Assets/Sunnyland/artwork/Environment/tileset-sliced.png using Guid(261212b977f594d5dbc48631a5c1295c) Importer(815301076,1909f56bfc062723c751e8b465ee728b)  -> (artifact id: '3ded7db3fed6e2c615e8df87d932687c') in 0.220638 seconds
  Import took 0.223460 seconds .

========================================================================
Received Import Request.
  Time since last request: 63.007624 seconds.
  path: Assets/Tile/sunnyland.prefab
  artifactKey: Guid(461f1bee004d38c4890499c8552c2242) Importer(815301076,1909f56bfc062723c751e8b465ee728b)
Start importing Assets/Tile/sunnyland.prefab using Guid(461f1bee004d38c4890499c8552c2242) Importer(815301076,1909f56bfc062723c751e8b465ee728b)  -> (artifact id: '92236a0bfbbd5ad9fd649a1d388113f7') in 0.009435 seconds
  Import took 0.012458 seconds .

========================================================================
Received Import Request.
  Time since last request: 0.009918 seconds.
  path: Assets/Tile/sunnyland.prefab
  artifactKey: Guid(461f1bee004d38c4890499c8552c2242) Importer(815301076,1909f56bfc062723c751e8b465ee728b)
Start importing Assets/Tile/sunnyland.prefab using Guid(461f1bee004d38c4890499c8552c2242) Importer(815301076,1909f56bfc062723c751e8b465ee728b)  -> (artifact id: '92236a0bfbbd5ad9fd649a1d388113f7') in 0.003766 seconds
  Import took 0.006750 seconds .

========================================================================
Received Import Request.
  Time since last request: 28.480403 seconds.
  path: Assets/Sunnyland/artwork/Environment/tileset.png
  artifactKey: Guid(3b66e1a27c9634fe9a4746c47eeda7cc) Importer(815301076,1909f56bfc062723c751e8b465ee728b)
Start importing Assets/Sunnyland/artwork/Environment/tileset.png using Guid(3b66e1a27c9634fe9a4746c47eeda7cc) Importer(815301076,1909f56bfc062723c751e8b465ee728b)  -> (artifact id: '78e60e5edc645a6df5843e12d955ac25') in 0.033285 seconds
  Import took 0.036372 seconds .

========================================================================
Received Import Request.
  Time since last request: 14.693412 seconds.
  path: Assets/Sunnyland/artwork/Environment/tileset-sliced.png
  artifactKey: Guid(261212b977f594d5dbc48631a5c1295c) Importer(815301076,1909f56bfc062723c751e8b465ee728b)
Start importing Assets/Sunnyland/artwork/Environment/tileset-sliced.png using Guid(261212b977f594d5dbc48631a5c1295c) Importer(815301076,1909f56bfc062723c751e8b465ee728b)  -> (artifact id: '6574994d9cb9b11c50dff2c70be34ccf') in 0.121870 seconds
  Import took 0.124825 seconds .

========================================================================
Received Import Request.
  Time since last request: 635.036660 seconds.
  path: Assets/background/Foreground.png
  artifactKey: Guid(6139de941d96aa548abb503f61e5f7e6) Importer(815301076,1909f56bfc062723c751e8b465ee728b)
Start importing Assets/background/Foreground.png using Guid(6139de941d96aa548abb503f61e5f7e6) Importer(815301076,1909f56bfc062723c751e8b465ee728b)  -> (artifact id: 'b6615c9fbb9adcf2b22facf3665b46da') in 0.010592 seconds
  Import took 0.013794 seconds .

========================================================================
Received Import Request.
  Time since last request: 0.000952 seconds.
  path: Assets/background/Foreground.png
  artifactKey: Guid(6139de941d96aa548abb503f61e5f7e6) Importer(815301076,1909f56bfc062723c751e8b465ee728b)
Start importing Assets/background/Foreground.png using Guid(6139de941d96aa548abb503f61e5f7e6) Importer(815301076,1909f56bfc062723c751e8b465ee728b)  -> (artifact id: 'b6615c9fbb9adcf2b22facf3665b46da') in 0.006786 seconds
  Import took 0.009403 seconds .

========================================================================
Received Import Request.
  Time since last request: 2.369327 seconds.
  path: Assets/background/4.png
  artifactKey: Guid(48cb36c918e541b4fa71f77684e14a87) Importer(815301076,1909f56bfc062723c751e8b465ee728b)
Start importing Assets/background/4.png using Guid(48cb36c918e541b4fa71f77684e14a87) Importer(815301076,1909f56bfc062723c751e8b465ee728b)  -> (artifact id: 'b8d7b1ea76d2cc8c079faa131958dcfc') in 0.009373 seconds
  Import took 0.012091 seconds .

========================================================================
Received Import Request.
  Time since last request: 0.625561 seconds.
  path: Assets/background/5.png
  artifactKey: Guid(c36f3da1e49e55c4ab6b7851fdb1d255) Importer(815301076,1909f56bfc062723c751e8b465ee728b)
Start importing Assets/background/5.png using Guid(c36f3da1e49e55c4ab6b7851fdb1d255) Importer(815301076,1909f56bfc062723c751e8b465ee728b)  -> (artifact id: '531a80274244e0f87930a081f9a1c6f0') in 0.009900 seconds
  Import took 0.012569 seconds .

========================================================================
Received Import Request.
  Time since last request: 0.457736 seconds.
  path: Assets/background/6.png
  artifactKey: Guid(0435297433d41214e9c5a55984595c66) Importer(815301076,1909f56bfc062723c751e8b465ee728b)
Start importing Assets/background/6.png using Guid(0435297433d41214e9c5a55984595c66) Importer(815301076,1909f56bfc062723c751e8b465ee728b)  -> (artifact id: '20971ac649928e363ded76890255aa5b') in 0.007738 seconds
  Import took 0.010399 seconds .

========================================================================
Received Import Request.
  Time since last request: 0.434891 seconds.
  path: Assets/background/7.png
  artifactKey: Guid(b72cbde725dbb2d44bf15cb70b44b2c4) Importer(815301076,1909f56bfc062723c751e8b465ee728b)
Start importing Assets/background/7.png using Guid(b72cbde725dbb2d44bf15cb70b44b2c4) Importer(815301076,1909f56bfc062723c751e8b465ee728b)  -> (artifact id: '9cbaf27cd131b2e8cdad34c03277fd59') in 0.007524 seconds
  Import took 0.010186 seconds .

========================================================================
Received Import Request.
  Time since last request: 0.836023 seconds.
  path: Assets/background/Background 1.png
  artifactKey: Guid(068559779615ac54788cc65b53210daf) Importer(815301076,1909f56bfc062723c751e8b465ee728b)
Start importing Assets/background/Background 1.png using Guid(068559779615ac54788cc65b53210daf) Importer(815301076,1909f56bfc062723c751e8b465ee728b)  -> (artifact id: '5d68dc7e424f65190ec13dfdedbd0415') in 0.007259 seconds
  Import took 0.009958 seconds .

========================================================================
Received Import Request.
  Time since last request: 0.979442 seconds.
  path: Assets/background/expanded.png
  artifactKey: Guid(7d62225c7dc13b74dacfe4b5cbce2006) Importer(815301076,1909f56bfc062723c751e8b465ee728b)
Start importing Assets/background/expanded.png using Guid(7d62225c7dc13b74dacfe4b5cbce2006) Importer(815301076,1909f56bfc062723c751e8b465ee728b)  -> (artifact id: '605f30bace1d29ece1de1788f47f4d76') in 0.008762 seconds
  Import took 0.011349 seconds .

========================================================================
Received Import Request.
  Time since last request: 241.463368 seconds.
  path: Assets/platform_metroidvania asset pack v1.01
  artifactKey: Guid(58eb6c3f9f887b746985a8ae25d87516) Importer(815301076,1909f56bfc062723c751e8b465ee728b)
Start importing Assets/platform_metroidvania asset pack v1.01 using Guid(58eb6c3f9f887b746985a8ae25d87516) Importer(815301076,1909f56bfc062723c751e8b465ee728b)  -> (artifact id: 'c4b477730e7e262ca29eac508e0b5fc4') in 0.002790 seconds
  Import took 0.005710 seconds .

========================================================================
Received Import Request.
  Time since last request: 6.660843 seconds.
  path: Assets/platform_metroidvania asset pack v1.01/enemies sprites
  artifactKey: Guid(94411107ee93cdb4884e340c7d478ff3) Importer(815301076,1909f56bfc062723c751e8b465ee728b)
Start importing Assets/platform_metroidvania asset pack v1.01/enemies sprites using Guid(94411107ee93cdb4884e340c7d478ff3) Importer(815301076,1909f56bfc062723c751e8b465ee728b)  -> (artifact id: '19ad117032ad6b105d058080bf8379c1') in 0.003305 seconds
  Import took 0.005804 seconds .

========================================================================
Received Import Request.
  Time since last request: 2.305483 seconds.
  path: Assets/platform_metroidvania asset pack v1.01/fauna sprites
  artifactKey: Guid(aeabe73abc34cfc4bb9ceb57185d4588) Importer(815301076,1909f56bfc062723c751e8b465ee728b)
Start importing Assets/platform_metroidvania asset pack v1.01/fauna sprites using Guid(aeabe73abc34cfc4bb9ceb57185d4588) Importer(815301076,1909f56bfc062723c751e8b465ee728b)  -> (artifact id: '6d5d6f38218151f1a0d00b9b83a82864') in 0.002759 seconds
  Import took 0.005238 seconds .

========================================================================
Received Import Request.
  Time since last request: 0.630492 seconds.
  path: Assets/platform_metroidvania asset pack v1.01/herochar sprites(new)
  artifactKey: Guid(377a99953acbc604388ae32b13191ad9) Importer(815301076,1909f56bfc062723c751e8b465ee728b)
Start importing Assets/platform_metroidvania asset pack v1.01/herochar sprites(new) using Guid(377a99953acbc604388ae32b13191ad9) Importer(815301076,1909f56bfc062723c751e8b465ee728b)  -> (artifact id: '2cdd5fddbbae97632c78bcf92b8132e6') in 0.002475 seconds
  Import took 0.005035 seconds .

========================================================================
Received Import Request.
  Time since last request: 0.428668 seconds.
  path: Assets/platform_metroidvania asset pack v1.01/hud elements
  artifactKey: Guid(5f59f574a872ee546a0a9ee20490b9a9) Importer(815301076,1909f56bfc062723c751e8b465ee728b)
Start importing Assets/platform_metroidvania asset pack v1.01/hud elements using Guid(5f59f574a872ee546a0a9ee20490b9a9) Importer(815301076,1909f56bfc062723c751e8b465ee728b)  -> (artifact id: 'f91ce2de95a4c7ea5787558edff20117') in 0.002478 seconds
  Import took 0.005103 seconds .

========================================================================
Received Import Request.
  Time since last request: 0.657503 seconds.
  path: Assets/platform_metroidvania asset pack v1.01/miscellaneous sprites
  artifactKey: Guid(9a5f0aa3e8cc40e4f829c9b00ee0951e) Importer(815301076,1909f56bfc062723c751e8b465ee728b)
Start importing Assets/platform_metroidvania asset pack v1.01/miscellaneous sprites using Guid(9a5f0aa3e8cc40e4f829c9b00ee0951e) Importer(815301076,1909f56bfc062723c751e8b465ee728b)  -> (artifact id: 'fbccb59ffbce4ecf86438b33f6e6825c') in 0.002652 seconds
  Import took 0.005336 seconds .

========================================================================
Received Import Request.
  Time since last request: 0.594772 seconds.
  path: Assets/platform_metroidvania asset pack v1.01/tiles and background_foreground
  artifactKey: Guid(12f6dc75c8833cd40bc079b3523e20b0) Importer(815301076,1909f56bfc062723c751e8b465ee728b)
Start importing Assets/platform_metroidvania asset pack v1.01/tiles and background_foreground using Guid(12f6dc75c8833cd40bc079b3523e20b0) Importer(815301076,1909f56bfc062723c751e8b465ee728b)  -> (artifact id: '2452aa20052b25eaf94181e196ec4f14') in 0.002761 seconds
  Import took 0.005174 seconds .

========================================================================
Received Import Request.
  Time since last request: 71.679966 seconds.
  path: Assets/platform_metroidvania asset pack v1.01/tiles and background_foreground/background.png
  artifactKey: Guid(19280b1dfb5455f4a85eebf13ca6ee7d) Importer(815301076,1909f56bfc062723c751e8b465ee728b)
Start importing Assets/platform_metroidvania asset pack v1.01/tiles and background_foreground/background.png using Guid(19280b1dfb5455f4a85eebf13ca6ee7d) Importer(815301076,1909f56bfc062723c751e8b465ee728b)  -> (artifact id: '001bfef9079c115ff6c6a9169b4eb1c8') in 0.034302 seconds
  Import took 0.037267 seconds .

========================================================================
Received Import Request.
  Time since last request: 0.441420 seconds.
  path: Assets/platform_metroidvania asset pack v1.01/tiles and background_foreground/bg_0.png
  artifactKey: Guid(8ce98bd2c95e26744bc769f4833402e3) Importer(815301076,1909f56bfc062723c751e8b465ee728b)
Start importing Assets/platform_metroidvania asset pack v1.01/tiles and background_foreground/bg_0.png using Guid(8ce98bd2c95e26744bc769f4833402e3) Importer(815301076,1909f56bfc062723c751e8b465ee728b)  -> (artifact id: 'da297bf162eebbb4b2708004dbd04539') in 0.010029 seconds
  Import took 0.012614 seconds .

========================================================================
Received Import Request.
  Time since last request: 0.864325 seconds.
  path: Assets/platform_metroidvania asset pack v1.01/tiles and background_foreground/bg_1.png
  artifactKey: Guid(548bc02e685922b4589acdc315774c61) Importer(815301076,1909f56bfc062723c751e8b465ee728b)
Start importing Assets/platform_metroidvania asset pack v1.01/tiles and background_foreground/bg_1.png using Guid(548bc02e685922b4589acdc315774c61) Importer(815301076,1909f56bfc062723c751e8b465ee728b)  -> (artifact id: 'a7586d4fa2461252fca5a518815d2f5b') in 0.007783 seconds
  Import took 0.010305 seconds .

========================================================================
Received Import Request.
  Time since last request: 1.434171 seconds.
  path: Assets/platform_metroidvania asset pack v1.01/tiles and background_foreground/bg_2.png
  artifactKey: Guid(a099846658c65ab4095376383fc22007) Importer(815301076,1909f56bfc062723c751e8b465ee728b)
Start importing Assets/platform_metroidvania asset pack v1.01/tiles and background_foreground/bg_2.png using Guid(a099846658c65ab4095376383fc22007) Importer(815301076,1909f56bfc062723c751e8b465ee728b)  -> (artifact id: '664ffd9d20d0834ad6ebb008acfdd3f5') in 0.008686 seconds
  Import took 0.011220 seconds .

========================================================================
Received Import Request.
  Time since last request: 0.797632 seconds.
  path: Assets/platform_metroidvania asset pack v1.01/tiles and background_foreground/tileset.png
  artifactKey: Guid(08397b6f1a73b2e4fa8488465679cc82) Importer(815301076,1909f56bfc062723c751e8b465ee728b)
Start importing Assets/platform_metroidvania asset pack v1.01/tiles and background_foreground/tileset.png using Guid(08397b6f1a73b2e4fa8488465679cc82) Importer(815301076,1909f56bfc062723c751e8b465ee728b)  -> (artifact id: '53db1153cae61115a0e6df9cf0aa314e') in 0.008073 seconds
  Import took 0.010661 seconds .

========================================================================
Received Import Request.
  Time since last request: 2.871201 seconds.
  path: Assets/platform_metroidvania asset pack v1.01/tiles and background_foreground/fg_1.png
  artifactKey: Guid(78927fc997527cf4c9a9a2820a222531) Importer(815301076,1909f56bfc062723c751e8b465ee728b)
Start importing Assets/platform_metroidvania asset pack v1.01/tiles and background_foreground/fg_1.png using Guid(78927fc997527cf4c9a9a2820a222531) Importer(815301076,1909f56bfc062723c751e8b465ee728b)  -> (artifact id: '87948ae8f608680f0c9130b6dd6d2d33') in 0.008876 seconds
  Import took 0.011418 seconds .

========================================================================
Received Import Request.
  Time since last request: 4.597102 seconds.
  path: Assets/platform_metroidvania asset pack v1.01/tiles and background_foreground/fg_0.png
  artifactKey: Guid(738dee7048699944289ef9bca9f21851) Importer(815301076,1909f56bfc062723c751e8b465ee728b)
Start importing Assets/platform_metroidvania asset pack v1.01/tiles and background_foreground/fg_0.png using Guid(738dee7048699944289ef9bca9f21851) Importer(815301076,1909f56bfc062723c751e8b465ee728b)  -> (artifact id: '1e00c69e62405996b728632d1d4a4ce7') in 0.024416 seconds
  Import took 0.026951 seconds .

========================================================================
Received Import Request.
  Time since last request: 8.646638 seconds.
  path: Assets/platform_metroidvania asset pack v1.01/tiles and background_foreground/waterfall_anim.gif
  artifactKey: Guid(c492bc874b79a4e41a008472026db8c9) Importer(815301076,1909f56bfc062723c751e8b465ee728b)
Start importing Assets/platform_metroidvania asset pack v1.01/tiles and background_foreground/waterfall_anim.gif using Guid(c492bc874b79a4e41a008472026db8c9) Importer(815301076,1909f56bfc062723c751e8b465ee728b)  -> (artifact id: '84c9227222ef072edacecc9d602ff7f3') in 0.012312 seconds
  Import took 0.015194 seconds .

========================================================================
Received Import Request.
  Time since last request: 2.521081 seconds.
  path: Assets/platform_metroidvania asset pack v1.01/tiles and background_foreground/waterfall_anim_strip_4.png
  artifactKey: Guid(800bcb2fb9be9974f9b1144ab1143ec2) Importer(815301076,1909f56bfc062723c751e8b465ee728b)
Start importing Assets/platform_metroidvania asset pack v1.01/tiles and background_foreground/waterfall_anim_strip_4.png using Guid(800bcb2fb9be9974f9b1144ab1143ec2) Importer(815301076,1909f56bfc062723c751e8b465ee728b)  -> (artifact id: '399c0ad935da0b361cf7b514917ca3ca') in 0.007306 seconds
  Import took 0.010006 seconds .

========================================================================
Received Import Request.
  Time since last request: 61.729961 seconds.
  path: Assets/platform_metroidvania asset pack v1.01/tiles and background_foreground/tileset.png
  artifactKey: Guid(08397b6f1a73b2e4fa8488465679cc82) Importer(815301076,1909f56bfc062723c751e8b465ee728b)
Start importing Assets/platform_metroidvania asset pack v1.01/tiles and background_foreground/tileset.png using Guid(08397b6f1a73b2e4fa8488465679cc82) Importer(815301076,1909f56bfc062723c751e8b465ee728b)  -> (artifact id: '8846a6628a674534df76419e2c29c621') in 0.022525 seconds
  Import took 0.025157 seconds .

========================================================================
Received Import Request.
  Time since last request: 43.094971 seconds.
  path: Assets/platform_metroidvania asset pack v1.01/tiles and background_foreground/tileset.png
  artifactKey: Guid(08397b6f1a73b2e4fa8488465679cc82) Importer(815301076,1909f56bfc062723c751e8b465ee728b)
Start importing Assets/platform_metroidvania asset pack v1.01/tiles and background_foreground/tileset.png using Guid(08397b6f1a73b2e4fa8488465679cc82) Importer(815301076,1909f56bfc062723c751e8b465ee728b)  -> (artifact id: 'ebcbd95c644f6315f77c62a52d2f12af') in 0.104939 seconds
  Import took 0.107630 seconds .

========================================================================
Received Import Request.
  Time since last request: 60.767645 seconds.
  path: Assets/Tile/Sprite/tileset.png
  artifactKey: Guid(08397b6f1a73b2e4fa8488465679cc82) Importer(815301076,1909f56bfc062723c751e8b465ee728b)
Start importing Assets/Tile/Sprite/tileset.png using Guid(08397b6f1a73b2e4fa8488465679cc82) Importer(815301076,1909f56bfc062723c751e8b465ee728b)  -> (artifact id: '2e7c058c30dd0e84158a54662ea15a62') in 0.102212 seconds
  Import took 0.104969 seconds .

========================================================================
Received Import Request.
  Time since last request: 10.051585 seconds.
  path: Assets/Tile/Sprite/tileset.png
  artifactKey: Guid(08397b6f1a73b2e4fa8488465679cc82) Importer(815301076,1909f56bfc062723c751e8b465ee728b)
Start importing Assets/Tile/Sprite/tileset.png using Guid(08397b6f1a73b2e4fa8488465679cc82) Importer(815301076,1909f56bfc062723c751e8b465ee728b)  -> (artifact id: '70d59191bafd20bdd744d85abc26978b') in 0.100712 seconds
  Import took 0.103359 seconds .

========================================================================
Received Import Request.
  Time since last request: 3.465108 seconds.
  path: Assets/Tile/Sprite/tileset.png
  artifactKey: Guid(08397b6f1a73b2e4fa8488465679cc82) Importer(815301076,1909f56bfc062723c751e8b465ee728b)
Start importing Assets/Tile/Sprite/tileset.png using Guid(08397b6f1a73b2e4fa8488465679cc82) Importer(815301076,1909f56bfc062723c751e8b465ee728b)  -> (artifact id: '808d462004fbab44d88ddb05952e29d3') in 0.118452 seconds
  Import took 0.121240 seconds .

AssetImportWorkerClient::OnTransportError - code=2 error=End of file
